{"level":"info","message":"[CORS] Allowed Origins: http://localhost:3000","service":"aidbridge-server","timestamp":"2026-03-19T04:03:43.019Z"}
{"level":"warn","message":"Client error Missing required fields","service":"aidbridge-server","statusCode":400,"timestamp":"2026-03-19T04:03:43.101Z","url":"/api/contracts/escrow/create-escrow/xdr"}
{"level":"error","message":"Unhandled error Missing required fields","method":"POST","service":"aidbridge-server","stack":"Error: Missing required fields\n    at /home/codeczero/Desktop/FullStack/Pramanik/server/src/controler/contracts/escrow.controller.ts:12:11\n    at /home/codeczero/Desktop/FullStack/Pramanik/server/src/util/asyncHandler.util.ts:9:21\n    at Layer.handleRequest (/home/codeczero/Desktop/FullStack/Pramanik/server/node_modules/router/lib/layer.js:152:17)\n    at next (/home/codeczero/Desktop/FullStack/Pramanik/server/node_modules/router/lib/route.js:157:13)\n    at Route.dispatch (/home/codeczero/Desktop/FullStack/Pramanik/server/node_modules/router/lib/route.js:117:3)\n    at handle (/home/codeczero/Desktop/FullStack/Pramanik/server/node_modules/router/index.js:435:11)\n    at Layer.handleRequest (/home/codeczero/Desktop/FullStack/Pramanik/server/node_modules/router/lib/layer.js:152:17)\n    at /home/codeczero/Desktop/FullStack/Pramanik/server/node_modules/router/index.js:295:15\n    at processParams (/home/codeczero/Desktop/FullStack/Pramanik/server/node_modules/router/index.js:582:12)\n    at next (/home/codeczero/Desktop/FullStack/Pramanik/server/node_modules/router/index.js:291:5)\n    at router.handle (/home/codeczero/Desktop/FullStack/Pramanik/server/node_modules/router/index.js:186:3)\n    at router (/home/codeczero/Desktop/FullStack/Pramanik/server/node_modules/router/index.js:60:12)\n    at Layer.handleRequest (/home/codeczero/Desktop/FullStack/Pramanik/server/node_modules/router/lib/layer.js:152:17)\n    at trimPrefix (/home/codeczero/Desktop/FullStack/Pramanik/server/node_modules/router/index.js:342:13)\n    at /home/codeczero/Desktop/FullStack/Pramanik/server/node_modules/router/index.js:297:9\n    at processParams (/home/codeczero/Desktop/FullStack/Pramanik/server/node_modules/router/index.js:582:12)\n    at next (/home/codeczero/Desktop/FullStack/Pramanik/server/node_modules/router/index.js:291:5)\n    at router.handle (/home/codeczero/Desktop/FullStack/Pramanik/server/node_modules/router/index.js:186:3)\n    at router (/home/codeczero/Desktop/FullStack/Pramanik/server/node_modules/router/index.js:60:12)\n    at Layer.handleRequest (/home/codeczero/Desktop/FullStack/Pramanik/server/node_modules/router/lib/layer.js:152:17)\n    at trimPrefix (/home/codeczero/Desktop/FullStack/Pramanik/server/node_modules/router/index.js:342:13)\n    at /home/codeczero/Desktop/FullStack/Pramanik/server/node_modules/router/index.js:297:9\n    at processParams (/home/codeczero/Desktop/FullStack/Pramanik/server/node_modules/router/index.js:582:12)\n    at next (/home/codeczero/Desktop/FullStack/Pramanik/server/node_modules/router/index.js:291:5)\n    at cookieParser (/home/codeczero/Desktop/FullStack/Pramanik/server/node_modules/cookie-parser/index.js:57:14)\n    at Layer.handleRequest (/home/codeczero/Desktop/FullStack/Pramanik/server/node_modules/router/lib/layer.js:152:17)\n    at trimPrefix (/home/codeczero/Desktop/FullStack/Pramanik/server/node_modules/router/index.js:342:13)\n    at /home/codeczero/Desktop/FullStack/Pramanik/server/node_modules/router/index.js:297:9\n    at processParams (/home/codeczero/Desktop/FullStack/Pramanik/server/node_modules/router/index.js:582:12)\n    at next (/home/codeczero/Desktop/FullStack/Pramanik/server/node_modules/router/index.js:291:5)\n    at read (/home/codeczero/Desktop/FullStack/Pramanik/server/node_modules/body-parser/lib/read.js:42:5)\n    at urlencodedParser (/home/codeczero/Desktop/FullStack/Pramanik/server/node_modules/body-parser/lib/types/urlencoded.js:57:5)\n    at Layer.handleRequest (/home/codeczero/Desktop/FullStack/Pramanik/server/node_modules/router/lib/layer.js:152:17)\n    at trimPrefix (/home/codeczero/Desktop/FullStack/Pramanik/server/node_modules/router/index.js:342:13)\n    at /home/codeczero/Desktop/FullStack/Pramanik/server/node_modules/router/index.js:297:9\n    at processParams (/home/codeczero/Desktop/FullStack/Pramanik/server/node_modules/router/index.js:582:12)\n    at next (/home/codeczero/Desktop/FullStack/Pramanik/server/node_modules/router/index.js:291:5)\n    at /home/codeczero/Desktop/FullStack/Pramanik/server/node_modules/body-parser/lib/read.js:171:5\n    at AsyncResource.runInAsyncScope (node:async_hooks:226:14)\n    at invokeCallback (/home/codeczero/Desktop/FullStack/Pramanik/server/node_modules/raw-body/index.js:238:16)\n    at done (/home/codeczero/Desktop/FullStack/Pramanik/server/node_modules/raw-body/index.js:227:7)\n    at IncomingMessage.onEnd (/home/codeczero/Desktop/FullStack/Pramanik/server/node_modules/raw-body/index.js:287:7)\n    at IncomingMessage.emit (node:events:508:20)\n    at endReadableNT (node:internal/streams/readable:1729:12)\n    at processTicksAndRejections (node:internal/process/task_queues:90:21)","timestamp":"2026-03-19T04:03:43.109Z","url":"/api/contracts/escrow/create-escrow/xdr"}
{"duration":"24ms","ip":"::ffff:127.0.0.1","level":"warn","message":"Client error","method":"POST","service":"aidbridge-server","status":400,"timestamp":"2026-03-19T04:03:43.115Z","url":"/api/contracts/escrow/create-escrow/xdr"}
{"level":"warn","message":"Client error Task ID is required","service":"aidbridge-server","statusCode":400,"timestamp":"2026-03-19T04:03:43.134Z","url":"/api/contracts/escrow/release"}
{"level":"error","message":"Unhandled error Task ID is required","method":"POST","service":"aidbridge-server","stack":"Error: Task ID is required\n    at /home/codeczero/Desktop/FullStack/Pramanik/server/src/controler/contracts/escrow.controller.ts:54:11\n    at /home/codeczero/Desktop/FullStack/Pramanik/server/src/util/asyncHandler.util.ts:9:21\n    at Layer.handleRequest (/home/codeczero/Desktop/FullStack/Pramanik/server/node_modules/router/lib/layer.js:152:17)\n    at next (/home/codeczero/Desktop/FullStack/Pramanik/server/node_modules/router/lib/route.js:157:13)\n    at Route.dispatch (/home/codeczero/Desktop/FullStack/Pramanik/server/node_modules/router/lib/route.js:117:3)\n    at handle (/home/codeczero/Desktop/FullStack/Pramanik/server/node_modules/router/index.js:435:11)\n    at Layer.handleRequest (/home/codeczero/Desktop/FullStack/Pramanik/server/node_modules/router/lib/layer.js:152:17)\n    at /home/codeczero/Desktop/FullStack/Pramanik/server/node_modules/router/index.js:295:15\n    at processParams (/home/codeczero/Desktop/FullStack/Pramanik/server/node_modules/router/index.js:582:12)\n    at next (/home/codeczero/Desktop/FullStack/Pramanik/server/node_modules/router/index.js:291:5)\n    at router.handle (/home/codeczero/Desktop/FullStack/Pramanik/server/node_modules/router/index.js:186:3)\n    at router (/home/codeczero/Desktop/FullStack/Pramanik/server/node_modules/router/index.js:60:12)\n    at Layer.handleRequest (/home/codeczero/Desktop/FullStack/Pramanik/server/node_modules/router/lib/layer.js:152:17)\n    at trimPrefix (/home/codeczero/Desktop/FullStack/Pramanik/server/node_modules/router/index.js:342:13)\n    at /home/codeczero/Desktop/FullStack/Pramanik/server/node_modules/router/index.js:297:9\n    at processParams (/home/codeczero/Desktop/FullStack/Pramanik/server/node_modules/router/index.js:582:12)\n    at next (/home/codeczero/Desktop/FullStack/Pramanik/server/node_modules/router/index.js:291:5)\n    at router.handle (/home/codeczero/Desktop/FullStack/Pramanik/server/node_modules/router/index.js:186:3)\n    at router (/home/codeczero/Desktop/FullStack/Pramanik/server/node_modules/router/index.js:60:12)\n    at Layer.handleRequest (/home/codeczero/Desktop/FullStack/Pramanik/server/node_modules/router/lib/layer.js:152:17)\n    at trimPrefix (/home/codeczero/Desktop/FullStack/Pramanik/server/node_modules/router/index.js:342:13)\n    at /home/codeczero/Desktop/FullStack/Pramanik/server/node_modules/router/index.js:297:9\n    at processParams (/home/codeczero/Desktop/FullStack/Pramanik/server/node_modules/router/index.js:582:12)\n    at next (/home/codeczero/Desktop/FullStack/Pramanik/server/node_modules/router/index.js:291:5)\n    at cookieParser (/home/codeczero/Desktop/FullStack/Pramanik/server/node_modules/cookie-parser/index.js:57:14)\n    at Layer.handleRequest (/home/codeczero/Desktop/FullStack/Pramanik/server/node_modules/router/lib/layer.js:152:17)\n    at trimPrefix (/home/codeczero/Desktop/FullStack/Pramanik/server/node_modules/router/index.js:342:13)\n    at /home/codeczero/Desktop/FullStack/Pramanik/server/node_modules/router/index.js:297:9\n    at processParams (/home/codeczero/Desktop/FullStack/Pramanik/server/node_modules/router/index.js:582:12)\n    at next (/home/codeczero/Desktop/FullStack/Pramanik/server/node_modules/router/index.js:291:5)\n    at read (/home/codeczero/Desktop/FullStack/Pramanik/server/node_modules/body-parser/lib/read.js:42:5)\n    at urlencodedParser (/home/codeczero/Desktop/FullStack/Pramanik/server/node_modules/body-parser/lib/types/urlencoded.js:57:5)\n    at Layer.handleRequest (/home/codeczero/Desktop/FullStack/Pramanik/server/node_modules/router/lib/layer.js:152:17)\n    at trimPrefix (/home/codeczero/Desktop/FullStack/Pramanik/server/node_modules/router/index.js:342:13)\n    at /home/codeczero/Desktop/FullStack/Pramanik/server/node_modules/router/index.js:297:9\n    at processParams (/home/codeczero/Desktop/FullStack/Pramanik/server/node_modules/router/index.js:582:12)\n    at next (/home/codeczero/Desktop/FullStack/Pramanik/server/node_modules/router/index.js:291:5)\n    at /home/codeczero/Desktop/FullStack/Pramanik/server/node_modules/body-parser/lib/read.js:171:5\n    at AsyncResource.runInAsyncScope (node:async_hooks:226:14)\n    at invokeCallback (/home/codeczero/Desktop/FullStack/Pramanik/server/node_modules/raw-body/index.js:238:16)\n    at done (/home/codeczero/Desktop/FullStack/Pramanik/server/node_modules/raw-body/index.js:227:7)\n    at IncomingMessage.onEnd (/home/codeczero/Desktop/FullStack/Pramanik/server/node_modules/raw-body/index.js:287:7)\n    at IncomingMessage.emit (node:events:508:20)\n    at endReadableNT (node:internal/streams/readable:1729:12)\n    at processTicksAndRejections (node:internal/process/task_queues:90:21)","timestamp":"2026-03-19T04:03:43.137Z","url":"/api/contracts/escrow/release"}
{"duration":"10ms","ip":"::ffff:127.0.0.1","level":"warn","message":"Client error","method":"POST","service":"aidbridge-server","status":400,"timestamp":"2026-03-19T04:03:43.141Z","url":"/api/contracts/escrow/release"}
{"level":"info","message":"[CORS] Allowed Origins: http://localhost:3000","service":"aidbridge-server","timestamp":"2026-03-19T04:03:43.537Z"}
{"duration":"3ms","ip":"::ffff:127.0.0.1","level":"http","message":"GET /","method":"GET","service":"aidbridge-server","status":200,"timestamp":"2026-03-19T04:03:43.554Z","url":"/"}
{"duration":"1ms","ip":"::ffff:127.0.0.1","level":"http","message":"GET /health","method":"GET","service":"aidbridge-server","status":200,"timestamp":"2026-03-19T04:03:43.583Z","url":"/health"}
{"duration":"2ms","ip":"::ffff:127.0.0.1","level":"warn","message":"Client error","method":"GET","service":"aidbridge-server","status":404,"timestamp":"2026-03-19T04:03:43.593Z","url":"/does-not-exist"}
{"duration":"13ms","ip":"::ffff:127.0.0.1","level":"http","message":"GET /api/test/delay?ms=10","method":"GET","service":"aidbridge-server","status":200,"timestamp":"2026-03-19T04:03:43.614Z","url":"/api/test/delay?ms=10"}
{"error":"invalid checksum","level":"warn","message":"[SC] STACK_ADMIN_SECRET invalid; using ephemeral keypair for boot","service":"aidbridge-server","timestamp":"2026-03-19T04:35:21.876Z"}
{"level":"info","message":"[CORS] Allowed Origins: http://localhost:3000","service":"aidbridge-server","timestamp":"2026-03-19T04:35:22.004Z"}
{"level":"info","message":"PostgreSQL connected via Prisma","service":"aidbridge-server","timestamp":"2026-03-19T04:35:22.078Z"}
{"level":"info","message":"PostgreSQL connected via Prisma","service":"aidbridge-server","timestamp":"2026-03-19T04:35:22.078Z"}
{"level":"info","message":"Redis client initialized (ioredis)","service":"aidbridge-server","timestamp":"2026-03-19T04:35:22.079Z"}
{"error":{"clientVersion":"7.5.0","code":"ERR_INVALID_URL","name":"PrismaClientKnownRequestError"},"level":"error","message":"Database check failed","service":"aidbridge-server","timestamp":"2026-03-19T04:35:22.111Z"}
{"level":"info","message":"Pramanik server running on port 8000","service":"aidbridge-server","timestamp":"2026-03-19T04:35:22.118Z"}
{"level":"info","message":"Environment: development","service":"aidbridge-server","timestamp":"2026-03-19T04:35:22.118Z"}
{"level":"info","message":"WhatsApp webhook: POST /api/whatsapp/webhook","service":"aidbridge-server","timestamp":"2026-03-19T04:35:22.118Z"}
{"error":"invalid checksum","level":"warn","message":"[SC] STACK_ADMIN_SECRET invalid; using ephemeral keypair for boot","service":"aidbridge-server","timestamp":"2026-03-19T04:37:46.187Z"}
{"level":"info","message":"[CORS] Allowed Origins: http://localhost:3000","service":"aidbridge-server","timestamp":"2026-03-19T04:37:46.356Z"}
{"level":"info","message":"PostgreSQL connected via Prisma","service":"aidbridge-server","timestamp":"2026-03-19T04:37:46.426Z"}
{"level":"info","message":"PostgreSQL connected via Prisma","service":"aidbridge-server","timestamp":"2026-03-19T04:37:46.426Z"}
{"level":"info","message":"Redis client initialized (ioredis)","service":"aidbridge-server","timestamp":"2026-03-19T04:37:46.426Z"}
{"error":"invalid checksum","level":"warn","message":"[SC] STACK_ADMIN_SECRET invalid; using ephemeral keypair for boot","service":"aidbridge-server","timestamp":"2026-03-19T04:39:40.176Z"}
{"level":"info","message":"[CORS] Allowed Origins: http://localhost:3000","service":"aidbridge-server","timestamp":"2026-03-19T04:39:40.412Z"}
{"level":"info","message":"PostgreSQL connected via Prisma","service":"aidbridge-server","timestamp":"2026-03-19T04:39:40.493Z"}
{"level":"info","message":"PostgreSQL connected via Prisma","service":"aidbridge-server","timestamp":"2026-03-19T04:39:40.493Z"}
{"level":"info","message":"Redis client initialized (ioredis)","service":"aidbridge-server","timestamp":"2026-03-19T04:39:40.493Z"}
{"error":"invalid checksum","level":"warn","message":"[SC] STACK_ADMIN_SECRET invalid; using ephemeral keypair for boot","service":"aidbridge-server","timestamp":"2026-03-19T04:39:40.183Z"}
{"level":"info","message":"[CORS] Allowed Origins: http://localhost:3000","service":"aidbridge-server","timestamp":"2026-03-19T04:39:40.412Z"}
{"level":"info","message":"PostgreSQL connected via Prisma","service":"aidbridge-server","timestamp":"2026-03-19T04:39:40.494Z"}
{"level":"info","message":"PostgreSQL connected via Prisma","service":"aidbridge-server","timestamp":"2026-03-19T04:39:40.495Z"}
{"level":"info","message":"Redis client initialized (ioredis)","service":"aidbridge-server","timestamp":"2026-03-19T04:39:40.495Z"}
{"error":{"clientVersion":"7.5.0","code":"EAI_AGAIN","name":"PrismaClientKnownRequestError"},"level":"error","message":"Database check failed","service":"aidbridge-server","timestamp":"2026-03-19T04:39:40.546Z"}
{"level":"info","message":"Pramanik server running on port 8000","service":"aidbridge-server","timestamp":"2026-03-19T04:39:40.548Z"}
{"level":"info","message":"Environment: development","service":"aidbridge-server","timestamp":"2026-03-19T04:39:40.548Z"}
{"level":"info","message":"WhatsApp webhook: POST /api/whatsapp/webhook","service":"aidbridge-server","timestamp":"2026-03-19T04:39:40.548Z"}
{"error":"invalid checksum","level":"warn","message":"[SC] STACK_ADMIN_SECRET invalid; using ephemeral keypair for boot","service":"aidbridge-server","timestamp":"2026-03-19T04:39:45.629Z"}
{"level":"info","message":"[CORS] Allowed Origins: http://localhost:3000","service":"aidbridge-server","timestamp":"2026-03-19T04:39:45.806Z"}
{"level":"info","message":"PostgreSQL connected via Prisma","service":"aidbridge-server","timestamp":"2026-03-19T04:39:45.881Z"}
{"level":"info","message":"PostgreSQL connected via Prisma","service":"aidbridge-server","timestamp":"2026-03-19T04:39:45.881Z"}
{"level":"info","message":"Redis client initialized (ioredis)","service":"aidbridge-server","timestamp":"2026-03-19T04:39:45.882Z"}
{"error":{"clientVersion":"7.5.0","code":"EAI_AGAIN","name":"PrismaClientKnownRequestError"},"level":"error","message":"Database check failed","service":"aidbridge-server","timestamp":"2026-03-19T04:39:45.912Z"}
{"level":"info","message":"Pramanik server running on port 8000","service":"aidbridge-server","timestamp":"2026-03-19T04:39:45.914Z"}
{"level":"info","message":"Environment: development","service":"aidbridge-server","timestamp":"2026-03-19T04:39:45.914Z"}
{"level":"info","message":"WhatsApp webhook: POST /api/whatsapp/webhook","service":"aidbridge-server","timestamp":"2026-03-19T04:39:45.914Z"}
{"error":"invalid checksum","level":"warn","message":"[SC] STACK_ADMIN_SECRET invalid; using ephemeral keypair for boot","service":"aidbridge-server","timestamp":"2026-03-19T04:39:45.680Z"}
{"level":"info","message":"[CORS] Allowed Origins: http://localhost:3000","service":"aidbridge-server","timestamp":"2026-03-19T04:39:45.845Z"}
{"level":"info","message":"PostgreSQL connected via Prisma","service":"aidbridge-server","timestamp":"2026-03-19T04:39:45.926Z"}
{"level":"info","message":"PostgreSQL connected via Prisma","service":"aidbridge-server","timestamp":"2026-03-19T04:39:45.927Z"}
{"level":"info","message":"Redis client initialized (ioredis)","service":"aidbridge-server","timestamp":"2026-03-19T04:39:45.927Z"}
{"error":"invalid checksum","level":"warn","message":"[SC] STACK_ADMIN_SECRET invalid; using ephemeral keypair for boot","service":"aidbridge-server","timestamp":"2026-03-19T04:39:52.513Z"}
{"level":"info","message":"[CORS] Allowed Origins: http://localhost:3000","service":"aidbridge-server","timestamp":"2026-03-19T04:39:52.672Z"}
{"level":"info","message":"PostgreSQL connected via Prisma","service":"aidbridge-server","timestamp":"2026-03-19T04:39:52.747Z"}
{"level":"info","message":"PostgreSQL connected via Prisma","service":"aidbridge-server","timestamp":"2026-03-19T04:39:52.747Z"}
{"level":"info","message":"Redis client initialized (ioredis)","service":"aidbridge-server","timestamp":"2026-03-19T04:39:52.747Z"}
{"error":"invalid checksum","level":"warn","message":"[SC] STACK_ADMIN_SECRET invalid; using ephemeral keypair for boot","service":"aidbridge-server","timestamp":"2026-03-19T04:39:52.582Z"}
{"level":"info","message":"[CORS] Allowed Origins: http://localhost:3000","service":"aidbridge-server","timestamp":"2026-03-19T04:39:52.742Z"}
{"level":"info","message":"PostgreSQL connected via Prisma","service":"aidbridge-server","timestamp":"2026-03-19T04:39:52.842Z"}
{"level":"info","message":"PostgreSQL connected via Prisma","service":"aidbridge-server","timestamp":"2026-03-19T04:39:52.843Z"}
{"level":"info","message":"Redis client initialized (ioredis)","service":"aidbridge-server","timestamp":"2026-03-19T04:39:52.843Z"}
{"error":{"clientVersion":"7.5.0","code":"EAI_AGAIN","name":"PrismaClientKnownRequestError"},"level":"error","message":"Database check failed","service":"aidbridge-server","timestamp":"2026-03-19T04:39:52.876Z"}
{"level":"info","message":"Pramanik server running on port 8000","service":"aidbridge-server","timestamp":"2026-03-19T04:39:52.878Z"}
{"level":"info","message":"Environment: development","service":"aidbridge-server","timestamp":"2026-03-19T04:39:52.878Z"}
{"level":"info","message":"WhatsApp webhook: POST /api/whatsapp/webhook","service":"aidbridge-server","timestamp":"2026-03-19T04:39:52.878Z"}
{"error":"invalid checksum","level":"warn","message":"[SC] STACK_ADMIN_SECRET invalid; using ephemeral keypair for boot","service":"aidbridge-server","timestamp":"2026-03-19T04:40:00.470Z"}
{"level":"info","message":"[CORS] Allowed Origins: http://localhost:3000","service":"aidbridge-server","timestamp":"2026-03-19T04:40:00.640Z"}
{"level":"info","message":"PostgreSQL connected via Prisma","service":"aidbridge-server","timestamp":"2026-03-19T04:40:00.715Z"}
{"level":"info","message":"PostgreSQL connected via Prisma","service":"aidbridge-server","timestamp":"2026-03-19T04:40:00.715Z"}
{"level":"info","message":"Redis client initialized (ioredis)","service":"aidbridge-server","timestamp":"2026-03-19T04:40:00.715Z"}
{"error":"invalid checksum","level":"warn","message":"[SC] STACK_ADMIN_SECRET invalid; using ephemeral keypair for boot","service":"aidbridge-server","timestamp":"2026-03-19T04:40:00.519Z"}
{"level":"info","message":"[CORS] Allowed Origins: http://localhost:3000","service":"aidbridge-server","timestamp":"2026-03-19T04:40:00.681Z"}
{"level":"info","message":"PostgreSQL connected via Prisma","service":"aidbridge-server","timestamp":"2026-03-19T04:40:00.767Z"}
{"level":"info","message":"PostgreSQL connected via Prisma","service":"aidbridge-server","timestamp":"2026-03-19T04:40:00.767Z"}
{"level":"info","message":"Redis client initialized (ioredis)","service":"aidbridge-server","timestamp":"2026-03-19T04:40:00.767Z"}
{"error":{"clientVersion":"7.5.0","code":"EAI_AGAIN","name":"PrismaClientKnownRequestError"},"level":"error","message":"Database check failed","service":"aidbridge-server","timestamp":"2026-03-19T04:40:00.802Z"}
{"level":"info","message":"Pramanik server running on port 8000","service":"aidbridge-server","timestamp":"2026-03-19T04:40:00.803Z"}
{"level":"info","message":"Environment: development","service":"aidbridge-server","timestamp":"2026-03-19T04:40:00.804Z"}
{"level":"info","message":"WhatsApp webhook: POST /api/whatsapp/webhook","service":"aidbridge-server","timestamp":"2026-03-19T04:40:00.804Z"}
{"error":"invalid checksum","level":"warn","message":"[SC] STACK_ADMIN_SECRET invalid; using ephemeral keypair for boot","service":"aidbridge-server","timestamp":"2026-03-19T04:40:19.915Z"}
{"level":"info","message":"[CORS] Allowed Origins: http://localhost:3000","service":"aidbridge-server","timestamp":"2026-03-19T04:40:20.048Z"}
{"level":"info","message":"PostgreSQL connected via Prisma","service":"aidbridge-server","timestamp":"2026-03-19T04:40:20.140Z"}
{"level":"info","message":"PostgreSQL connected via Prisma","service":"aidbridge-server","timestamp":"2026-03-19T04:40:20.140Z"}
{"level":"info","message":"Redis client initialized (ioredis)","service":"aidbridge-server","timestamp":"2026-03-19T04:40:20.140Z"}
{"error":"invalid checksum","level":"warn","message":"[SC] STACK_ADMIN_SECRET invalid; using ephemeral keypair for boot","service":"aidbridge-server","timestamp":"2026-03-19T04:40:19.945Z"}
{"level":"info","message":"[CORS] Allowed Origins: http://localhost:3000","service":"aidbridge-server","timestamp":"2026-03-19T04:40:20.117Z"}
{"level":"info","message":"PostgreSQL connected via Prisma","service":"aidbridge-server","timestamp":"2026-03-19T04:40:20.215Z"}
{"level":"info","message":"PostgreSQL connected via Prisma","service":"aidbridge-server","timestamp":"2026-03-19T04:40:20.216Z"}
{"level":"info","message":"Redis client initialized (ioredis)","service":"aidbridge-server","timestamp":"2026-03-19T04:40:20.216Z"}
{"error":{"clientVersion":"7.5.0","code":"EAI_AGAIN","name":"PrismaClientKnownRequestError"},"level":"error","message":"Database check failed","service":"aidbridge-server","timestamp":"2026-03-19T04:40:20.266Z"}
{"level":"info","message":"Pramanik server running on port 8000","service":"aidbridge-server","timestamp":"2026-03-19T04:40:20.268Z"}
{"level":"info","message":"Environment: development","service":"aidbridge-server","timestamp":"2026-03-19T04:40:20.269Z"}
{"level":"info","message":"WhatsApp webhook: POST /api/whatsapp/webhook","service":"aidbridge-server","timestamp":"2026-03-19T04:40:20.269Z"}
{"error":{},"level":"error","message":"Database check failed","service":"aidbridge-server","timestamp":"2026-03-19T04:40:20.891Z"}
{"level":"info","message":"Pramanik server running on port 8000","service":"aidbridge-server","timestamp":"2026-03-19T04:40:20.893Z"}
{"level":"info","message":"Environment: development","service":"aidbridge-server","timestamp":"2026-03-19T04:40:20.893Z"}
{"level":"info","message":"WhatsApp webhook: POST /api/whatsapp/webhook","service":"aidbridge-server","timestamp":"2026-03-19T04:40:20.893Z"}
{"duration":"3ms","ip":"::1","level":"http","message":"GET /api/health","method":"GET","service":"aidbridge-server","status":200,"timestamp":"2026-03-19T04:41:41.949Z","url":"/api/health"}
{"error":"invalid checksum","level":"warn","message":"[SC] STACK_ADMIN_SECRET invalid; using ephemeral keypair for boot","service":"aidbridge-server","timestamp":"2026-03-19T04:42:27.299Z"}
{"level":"info","message":"[CORS] Allowed Origins: http://localhost:3000","service":"aidbridge-server","timestamp":"2026-03-19T04:42:27.437Z"}
{"level":"info","message":"PostgreSQL connected via Prisma","service":"aidbridge-server","timestamp":"2026-03-19T04:42:27.510Z"}
{"level":"info","message":"PostgreSQL connected via Prisma","service":"aidbridge-server","timestamp":"2026-03-19T04:42:27.510Z"}
{"level":"info","message":"Redis client initialized (ioredis)","service":"aidbridge-server","timestamp":"2026-03-19T04:42:27.510Z"}
{"error":"invalid checksum","level":"warn","message":"[SC] STACK_ADMIN_SECRET invalid; using ephemeral keypair for boot","service":"aidbridge-server","timestamp":"2026-03-19T04:42:27.309Z"}
{"level":"info","message":"[CORS] Allowed Origins: http://localhost:3000","service":"aidbridge-server","timestamp":"2026-03-19T04:42:27.450Z"}
{"level":"info","message":"PostgreSQL connected via Prisma","service":"aidbridge-server","timestamp":"2026-03-19T04:42:27.540Z"}
{"level":"info","message":"PostgreSQL connected via Prisma","service":"aidbridge-server","timestamp":"2026-03-19T04:42:27.540Z"}
{"level":"info","message":"Redis client initialized (ioredis)","service":"aidbridge-server","timestamp":"2026-03-19T04:42:27.541Z"}
{"error":{"clientVersion":"7.5.0","code":"EAI_AGAIN","name":"PrismaClientKnownRequestError"},"level":"error","message":"Database check failed","service":"aidbridge-server","timestamp":"2026-03-19T04:42:27.579Z"}
{"level":"info","message":"Pramanik server running on port 8000","service":"aidbridge-server","timestamp":"2026-03-19T04:42:27.581Z"}
{"level":"info","message":"Environment: development","service":"aidbridge-server","timestamp":"2026-03-19T04:42:27.582Z"}
{"level":"info","message":"WhatsApp webhook: POST /api/whatsapp/webhook","service":"aidbridge-server","timestamp":"2026-03-19T04:42:27.582Z"}
{"error":{},"level":"error","message":"Database check failed","service":"aidbridge-server","timestamp":"2026-03-19T04:42:28.261Z"}
{"level":"info","message":"Pramanik server running on port 8000","service":"aidbridge-server","timestamp":"2026-03-19T04:42:28.262Z"}
{"level":"info","message":"Environment: development","service":"aidbridge-server","timestamp":"2026-03-19T04:42:28.262Z"}
{"level":"info","message":"WhatsApp webhook: POST /api/whatsapp/webhook","service":"aidbridge-server","timestamp":"2026-03-19T04:42:28.262Z"}
{"error":"invalid checksum","level":"warn","message":"[SC] STACK_ADMIN_SECRET invalid; using ephemeral keypair for boot","service":"aidbridge-server","timestamp":"2026-03-19T04:42:40.528Z"}
{"level":"info","message":"[CORS] Allowed Origins: http://localhost:3000","service":"aidbridge-server","timestamp":"2026-03-19T04:42:40.756Z"}
{"level":"info","message":"PostgreSQL connected via Prisma","service":"aidbridge-server","timestamp":"2026-03-19T04:42:40.869Z"}
{"level":"info","message":"PostgreSQL connected via Prisma","service":"aidbridge-server","timestamp":"2026-03-19T04:42:40.870Z"}
{"level":"info","message":"Redis client initialized (ioredis)","service":"aidbridge-server","timestamp":"2026-03-19T04:42:40.870Z"}
{"error":"invalid checksum","level":"warn","message":"[SC] STACK_ADMIN_SECRET invalid; using ephemeral keypair for boot","service":"aidbridge-server","timestamp":"2026-03-19T04:42:40.593Z"}
{"level":"info","message":"[CORS] Allowed Origins: http://localhost:3000","service":"aidbridge-server","timestamp":"2026-03-19T04:42:40.835Z"}
{"level":"info","message":"PostgreSQL connected via Prisma","service":"aidbridge-server","timestamp":"2026-03-19T04:42:40.951Z"}
{"level":"info","message":"PostgreSQL connected via Prisma","service":"aidbridge-server","timestamp":"2026-03-19T04:42:40.952Z"}
{"level":"info","message":"Redis client initialized (ioredis)","service":"aidbridge-server","timestamp":"2026-03-19T04:42:40.952Z"}
{"error":{"clientVersion":"7.5.0","code":"EAI_AGAIN","name":"PrismaClientKnownRequestError"},"level":"error","message":"Database check failed","service":"aidbridge-server","timestamp":"2026-03-19T04:42:40.993Z"}
{"level":"info","message":"Pramanik server running on port 8000","service":"aidbridge-server","timestamp":"2026-03-19T04:42:40.996Z"}
{"level":"info","message":"Environment: development","service":"aidbridge-server","timestamp":"2026-03-19T04:42:40.996Z"}
{"level":"info","message":"WhatsApp webhook: POST /api/whatsapp/webhook","service":"aidbridge-server","timestamp":"2026-03-19T04:42:40.996Z"}
{"error":{},"level":"error","message":"Database check failed","service":"aidbridge-server","timestamp":"2026-03-19T04:42:41.622Z"}
{"level":"info","message":"Pramanik server running on port 8000","service":"aidbridge-server","timestamp":"2026-03-19T04:42:41.624Z"}
{"level":"info","message":"Environment: development","service":"aidbridge-server","timestamp":"2026-03-19T04:42:41.624Z"}
{"level":"info","message":"WhatsApp webhook: POST /api/whatsapp/webhook","service":"aidbridge-server","timestamp":"2026-03-19T04:42:41.625Z"}
{"level":"info","message":"[CORS] Allowed Origins: http://localhost:3000","service":"aidbridge-server","timestamp":"2026-03-19T05:06:06.958Z"}
{"level":"warn","message":"Client error Missing required fields","service":"aidbridge-server","statusCode":400,"timestamp":"2026-03-19T05:06:07.035Z","url":"/api/contracts/escrow/create-escrow/xdr"}
{"level":"error","message":"Unhandled error Missing required fields","method":"POST","service":"aidbridge-server","stack":"Error: Missing required fields\n    at /home/codeczero/Desktop/FullStack/Pramanik/server/src/controler/contracts/escrow.controller.ts:12:11\n    at /home/codeczero/Desktop/FullStack/Pramanik/server/src/util/asyncHandler.util.ts:9:21\n    at Layer.handleRequest (/home/codeczero/Desktop/FullStack/Pramanik/server/node_modules/router/lib/layer.js:152:17)\n    at next (/home/codeczero/Desktop/FullStack/Pramanik/server/node_modules/router/lib/route.js:157:13)\n    at Route.dispatch (/home/codeczero/Desktop/FullStack/Pramanik/server/node_modules/router/lib/route.js:117:3)\n    at handle (/home/codeczero/Desktop/FullStack/Pramanik/server/node_modules/router/index.js:435:11)\n    at Layer.handleRequest (/home/codeczero/Desktop/FullStack/Pramanik/server/node_modules/router/lib/layer.js:152:17)\n    at /home/codeczero/Desktop/FullStack/Pramanik/server/node_modules/router/index.js:295:15\n    at processParams (/home/codeczero/Desktop/FullStack/Pramanik/server/node_modules/router/index.js:582:12)\n    at next (/home/codeczero/Desktop/FullStack/Pramanik/server/node_modules/router/index.js:291:5)\n    at router.handle (/home/codeczero/Desktop/FullStack/Pramanik/server/node_modules/router/index.js:186:3)\n    at router (/home/codeczero/Desktop/FullStack/Pramanik/server/node_modules/router/index.js:60:12)\n    at Layer.handleRequest (/home/codeczero/Desktop/FullStack/Pramanik/server/node_modules/router/lib/layer.js:152:17)\n    at trimPrefix (/home/codeczero/Desktop/FullStack/Pramanik/server/node_modules/router/index.js:342:13)\n    at /home/codeczero/Desktop/FullStack/Pramanik/server/node_modules/router/index.js:297:9\n    at processParams (/home/codeczero/Desktop/FullStack/Pramanik/server/node_modules/router/index.js:582:12)\n    at next (/home/codeczero/Desktop/FullStack/Pramanik/server/node_modules/router/index.js:291:5)\n    at router.handle (/home/codeczero/Desktop/FullStack/Pramanik/server/node_modules/router/index.js:186:3)\n    at router (/home/codeczero/Desktop/FullStack/Pramanik/server/node_modules/router/index.js:60:12)\n    at Layer.handleRequest (/home/codeczero/Desktop/FullStack/Pramanik/server/node_modules/router/lib/layer.js:152:17)\n    at trimPrefix (/home/codeczero/Desktop/FullStack/Pramanik/server/node_modules/router/index.js:342:13)\n    at /home/codeczero/Desktop/FullStack/Pramanik/server/node_modules/router/index.js:297:9\n    at processParams (/home/codeczero/Desktop/FullStack/Pramanik/server/node_modules/router/index.js:582:12)\n    at next (/home/codeczero/Desktop/FullStack/Pramanik/server/node_modules/router/index.js:291:5)\n    at cookieParser (/home/codeczero/Desktop/FullStack/Pramanik/server/node_modules/cookie-parser/index.js:57:14)\n    at Layer.handleRequest (/home/codeczero/Desktop/FullStack/Pramanik/server/node_modules/router/lib/layer.js:152:17)\n    at trimPrefix (/home/codeczero/Desktop/FullStack/Pramanik/server/node_modules/router/index.js:342:13)\n    at /home/codeczero/Desktop/FullStack/Pramanik/server/node_modules/router/index.js:297:9\n    at processParams (/home/codeczero/Desktop/FullStack/Pramanik/server/node_modules/router/index.js:582:12)\n    at next (/home/codeczero/Desktop/FullStack/Pramanik/server/node_modules/router/index.js:291:5)\n    at read (/home/codeczero/Desktop/FullStack/Pramanik/server/node_modules/body-parser/lib/read.js:42:5)\n    at urlencodedParser (/home/codeczero/Desktop/FullStack/Pramanik/server/node_modules/body-parser/lib/types/urlencoded.js:57:5)\n    at Layer.handleRequest (/home/codeczero/Desktop/FullStack/Pramanik/server/node_modules/router/lib/layer.js:152:17)\n    at trimPrefix (/home/codeczero/Desktop/FullStack/Pramanik/server/node_modules/router/index.js:342:13)\n    at /home/codeczero/Desktop/FullStack/Pramanik/server/node_modules/router/index.js:297:9\n    at processParams (/home/codeczero/Desktop/FullStack/Pramanik/server/node_modules/router/index.js:582:12)\n    at next (/home/codeczero/Desktop/FullStack/Pramanik/server/node_modules/router/index.js:291:5)\n    at /home/codeczero/Desktop/FullStack/Pramanik/server/node_modules/body-parser/lib/read.js:171:5\n    at AsyncResource.runInAsyncScope (node:async_hooks:226:14)\n    at invokeCallback (/home/codeczero/Desktop/FullStack/Pramanik/server/node_modules/raw-body/index.js:238:16)\n    at done (/home/codeczero/Desktop/FullStack/Pramanik/server/node_modules/raw-body/index.js:227:7)\n    at IncomingMessage.onEnd (/home/codeczero/Desktop/FullStack/Pramanik/server/node_modules/raw-body/index.js:287:7)\n    at IncomingMessage.emit (node:events:508:20)\n    at endReadableNT (node:internal/streams/readable:1729:12)\n    at processTicksAndRejections (node:internal/process/task_queues:90:21)","timestamp":"2026-03-19T05:06:07.041Z","url":"/api/contracts/escrow/create-escrow/xdr"}
{"duration":"20ms","ip":"::ffff:127.0.0.1","level":"warn","message":"Client error","method":"POST","service":"aidbridge-server","status":400,"timestamp":"2026-03-19T05:06:07.046Z","url":"/api/contracts/escrow/create-escrow/xdr"}
{"level":"warn","message":"Client error Task ID is required","service":"aidbridge-server","statusCode":400,"timestamp":"2026-03-19T05:06:07.060Z","url":"/api/contracts/escrow/release"}
{"level":"error","message":"Unhandled error Task ID is required","method":"POST","service":"aidbridge-server","stack":"Error: Task ID is required\n    at /home/codeczero/Desktop/FullStack/Pramanik/server/src/controler/contracts/escrow.controller.ts:54:11\n    at /home/codeczero/Desktop/FullStack/Pramanik/server/src/util/asyncHandler.util.ts:9:21\n    at Layer.handleRequest (/home/codeczero/Desktop/FullStack/Pramanik/server/node_modules/router/lib/layer.js:152:17)\n    at next (/home/codeczero/Desktop/FullStack/Pramanik/server/node_modules/router/lib/route.js:157:13)\n    at Route.dispatch (/home/codeczero/Desktop/FullStack/Pramanik/server/node_modules/router/lib/route.js:117:3)\n    at handle (/home/codeczero/Desktop/FullStack/Pramanik/server/node_modules/router/index.js:435:11)\n    at Layer.handleRequest (/home/codeczero/Desktop/FullStack/Pramanik/server/node_modules/router/lib/layer.js:152:17)\n    at /home/codeczero/Desktop/FullStack/Pramanik/server/node_modules/router/index.js:295:15\n    at processParams (/home/codeczero/Desktop/FullStack/Pramanik/server/node_modules/router/index.js:582:12)\n    at next (/home/codeczero/Desktop/FullStack/Pramanik/server/node_modules/router/index.js:291:5)\n    at router.handle (/home/codeczero/Desktop/FullStack/Pramanik/server/node_modules/router/index.js:186:3)\n    at router (/home/codeczero/Desktop/FullStack/Pramanik/server/node_modules/router/index.js:60:12)\n    at Layer.handleRequest (/home/codeczero/Desktop/FullStack/Pramanik/server/node_modules/router/lib/layer.js:152:17)\n    at trimPrefix (/home/codeczero/Desktop/FullStack/Pramanik/server/node_modules/router/index.js:342:13)\n    at /home/codeczero/Desktop/FullStack/Pramanik/server/node_modules/router/index.js:297:9\n    at processParams (/home/codeczero/Desktop/FullStack/Pramanik/server/node_modules/router/index.js:582:12)\n    at next (/home/codeczero/Desktop/FullStack/Pramanik/server/node_modules/router/index.js:291:5)\n    at router.handle (/home/codeczero/Desktop/FullStack/Pramanik/server/node_modules/router/index.js:186:3)\n    at router (/home/codeczero/Desktop/FullStack/Pramanik/server/node_modules/router/index.js:60:12)\n    at Layer.handleRequest (/home/codeczero/Desktop/FullStack/Pramanik/server/node_modules/router/lib/layer.js:152:17)\n    at trimPrefix (/home/codeczero/Desktop/FullStack/Pramanik/server/node_modules/router/index.js:342:13)\n    at /home/codeczero/Desktop/FullStack/Pramanik/server/node_modules/router/index.js:297:9\n    at processParams (/home/codeczero/Desktop/FullStack/Pramanik/server/node_modules/router/index.js:582:12)\n    at next (/home/codeczero/Desktop/FullStack/Pramanik/server/node_modules/router/index.js:291:5)\n    at cookieParser (/home/codeczero/Desktop/FullStack/Pramanik/server/node_modules/cookie-parser/index.js:57:14)\n    at Layer.handleRequest (/home/codeczero/Desktop/FullStack/Pramanik/server/node_modules/router/lib/layer.js:152:17)\n    at trimPrefix (/home/codeczero/Desktop/FullStack/Pramanik/server/node_modules/router/index.js:342:13)\n    at /home/codeczero/Desktop/FullStack/Pramanik/server/node_modules/router/index.js:297:9\n    at processParams (/home/codeczero/Desktop/FullStack/Pramanik/server/node_modules/router/index.js:582:12)\n    at next (/home/codeczero/Desktop/FullStack/Pramanik/server/node_modules/router/index.js:291:5)\n    at read (/home/codeczero/Desktop/FullStack/Pramanik/server/node_modules/body-parser/lib/read.js:42:5)\n    at urlencodedParser (/home/codeczero/Desktop/FullStack/Pramanik/server/node_modules/body-parser/lib/types/urlencoded.js:57:5)\n    at Layer.handleRequest (/home/codeczero/Desktop/FullStack/Pramanik/server/node_modules/router/lib/layer.js:152:17)\n    at trimPrefix (/home/codeczero/Desktop/FullStack/Pramanik/server/node_modules/router/index.js:342:13)\n    at /home/codeczero/Desktop/FullStack/Pramanik/server/node_modules/router/index.js:297:9\n    at processParams (/home/codeczero/Desktop/FullStack/Pramanik/server/node_modules/router/index.js:582:12)\n    at next (/home/codeczero/Desktop/FullStack/Pramanik/server/node_modules/router/index.js:291:5)\n    at /home/codeczero/Desktop/FullStack/Pramanik/server/node_modules/body-parser/lib/read.js:171:5\n    at AsyncResource.runInAsyncScope (node:async_hooks:226:14)\n    at invokeCallback (/home/codeczero/Desktop/FullStack/Pramanik/server/node_modules/raw-body/index.js:238:16)\n    at done (/home/codeczero/Desktop/FullStack/Pramanik/server/node_modules/raw-body/index.js:227:7)\n    at IncomingMessage.onEnd (/home/codeczero/Desktop/FullStack/Pramanik/server/node_modules/raw-body/index.js:287:7)\n    at IncomingMessage.emit (node:events:508:20)\n    at endReadableNT (node:internal/streams/readable:1729:12)\n    at processTicksAndRejections (node:internal/process/task_queues:90:21)","timestamp":"2026-03-19T05:06:07.063Z","url":"/api/contracts/escrow/release"}
{"duration":"7ms","ip":"::ffff:127.0.0.1","level":"warn","message":"Client error","method":"POST","service":"aidbridge-server","status":400,"timestamp":"2026-03-19T05:06:07.066Z","url":"/api/contracts/escrow/release"}
{"level":"info","message":"[CORS] Allowed Origins: http://localhost:3000","service":"aidbridge-server","timestamp":"2026-03-19T05:06:07.430Z"}
{"duration":"3ms","ip":"::ffff:127.0.0.1","level":"http","message":"GET /","method":"GET","service":"aidbridge-server","status":200,"timestamp":"2026-03-19T05:06:07.448Z","url":"/"}
{"duration":"2ms","ip":"::ffff:127.0.0.1","level":"http","message":"GET /health","method":"GET","service":"aidbridge-server","status":200,"timestamp":"2026-03-19T05:06:07.475Z","url":"/health"}
{"duration":"1ms","ip":"::ffff:127.0.0.1","level":"warn","message":"Client error","method":"GET","service":"aidbridge-server","status":404,"timestamp":"2026-03-19T05:06:07.484Z","url":"/does-not-exist"}
{"duration":"12ms","ip":"::ffff:127.0.0.1","level":"http","message":"GET /api/test/delay?ms=10","method":"GET","service":"aidbridge-server","status":200,"timestamp":"2026-03-19T05:06:07.503Z","url":"/api/test/delay?ms=10"}
{"level":"info","message":"[CORS] Allowed Origins: https://soul-society-three.vercel.app","service":"aidbridge-server","timestamp":"2026-03-21T13:28:14.794Z"}
{"level":"info","message":"PostgreSQL connected via Prisma","service":"aidbridge-server","timestamp":"2026-03-21T13:28:14.937Z"}
{"level":"info","message":"PostgreSQL connected via Prisma","service":"aidbridge-server","timestamp":"2026-03-21T13:28:14.937Z"}
{"level":"info","message":"Redis client initialized (ioredis)","service":"aidbridge-server","timestamp":"2026-03-21T13:28:14.938Z"}
{"error":{},"level":"error","message":"Database check failed","service":"aidbridge-server","timestamp":"2026-03-21T13:28:15.690Z"}
{"level":"info","message":"Pramanik server running on port 8000","service":"aidbridge-server","timestamp":"2026-03-21T13:28:15.697Z"}
{"level":"info","message":"Environment: development","service":"aidbridge-server","timestamp":"2026-03-21T13:28:15.698Z"}
{"level":"info","message":"WhatsApp webhook: POST /api/whatsapp/webhook","service":"aidbridge-server","timestamp":"2026-03-21T13:28:15.698Z"}
{"level":"info","message":"[DeliveryJob] Auto-complete job started","service":"aidbridge-server","timestamp":"2026-03-21T13:28:15.699Z"}
{"level":"info","message":"[CORS] Allowed Origins: https://soul-society-three.vercel.app","service":"aidbridge-server","timestamp":"2026-03-21T13:30:26.752Z"}
{"level":"info","message":"PostgreSQL connected via Prisma","service":"aidbridge-server","timestamp":"2026-03-21T13:30:26.914Z"}
{"level":"info","message":"PostgreSQL connected via Prisma","service":"aidbridge-server","timestamp":"2026-03-21T13:30:26.915Z"}
{"level":"info","message":"Redis client initialized (ioredis)","service":"aidbridge-server","timestamp":"2026-03-21T13:30:26.916Z"}
{"level":"info","message":"Database connection verified","service":"aidbridge-server","timestamp":"2026-03-21T13:30:33.627Z"}
{"level":"info","message":"Pramanik server running on port 8000","service":"aidbridge-server","timestamp":"2026-03-21T13:30:33.632Z"}
{"level":"info","message":"Environment: development","service":"aidbridge-server","timestamp":"2026-03-21T13:30:33.632Z"}
{"level":"info","message":"WhatsApp webhook: POST /api/whatsapp/webhook","service":"aidbridge-server","timestamp":"2026-03-21T13:30:33.633Z"}
{"level":"info","message":"[DeliveryJob] Auto-complete job started","service":"aidbridge-server","timestamp":"2026-03-21T13:30:33.633Z"}
{"level":"info","message":"[CORS] Allowed Origins: https://soul-society-three.vercel.app","service":"aidbridge-server","timestamp":"2026-03-21T13:34:00.233Z"}
{"level":"info","message":"PostgreSQL connected via Prisma","service":"aidbridge-server","timestamp":"2026-03-21T13:34:00.324Z"}
{"level":"info","message":"PostgreSQL connected via Prisma","service":"aidbridge-server","timestamp":"2026-03-21T13:34:00.324Z"}
{"level":"info","message":"Redis client initialized (ioredis)","service":"aidbridge-server","timestamp":"2026-03-21T13:34:00.324Z"}
{"level":"info","message":"[CORS] Allowed Origins: https://soul-society-three.vercel.app","service":"aidbridge-server","timestamp":"2026-03-21T13:34:00.652Z"}
{"level":"info","message":"PostgreSQL connected via Prisma","service":"aidbridge-server","timestamp":"2026-03-21T13:34:00.782Z"}
{"level":"info","message":"PostgreSQL connected via Prisma","service":"aidbridge-server","timestamp":"2026-03-21T13:34:00.783Z"}
{"level":"info","message":"Redis client initialized (ioredis)","service":"aidbridge-server","timestamp":"2026-03-21T13:34:00.783Z"}
{"level":"info","message":"Database connection verified","service":"aidbridge-server","timestamp":"2026-03-21T13:34:07.814Z"}
{"level":"info","message":"Pramanik server running on port 8000","service":"aidbridge-server","timestamp":"2026-03-21T13:34:07.821Z"}
{"level":"info","message":"Environment: development","service":"aidbridge-server","timestamp":"2026-03-21T13:34:07.821Z"}
{"level":"info","message":"WhatsApp webhook: POST /api/whatsapp/webhook","service":"aidbridge-server","timestamp":"2026-03-21T13:34:07.821Z"}
{"level":"info","message":"[DeliveryJob] Auto-complete job started","service":"aidbridge-server","timestamp":"2026-03-21T13:34:07.822Z"}
{"level":"info","message":"Database connection verified","service":"aidbridge-server","timestamp":"2026-03-21T13:34:08.870Z"}
{"level":"info","message":"Pramanik server running on port 8000","service":"aidbridge-server","timestamp":"2026-03-21T13:34:08.874Z"}
{"level":"info","message":"Environment: development","service":"aidbridge-server","timestamp":"2026-03-21T13:34:08.874Z"}
{"level":"info","message":"WhatsApp webhook: POST /api/whatsapp/webhook","service":"aidbridge-server","timestamp":"2026-03-21T13:34:08.874Z"}
{"level":"info","message":"[DeliveryJob] Auto-complete job started","service":"aidbridge-server","timestamp":"2026-03-21T13:34:08.875Z"}
{"level":"info","message":"[CORS] Allowed Origins: https://soul-society-three.vercel.app","service":"aidbridge-server","timestamp":"2026-03-21T13:41:02.652Z"}
{"level":"info","message":"PostgreSQL connected via Prisma","service":"aidbridge-server","timestamp":"2026-03-21T13:41:02.715Z"}
{"level":"info","message":"PostgreSQL connected via Prisma","service":"aidbridge-server","timestamp":"2026-03-21T13:41:02.716Z"}
{"level":"info","message":"Redis client initialized (ioredis)","service":"aidbridge-server","timestamp":"2026-03-21T13:41:02.716Z"}
{"level":"info","message":"Database connection verified","service":"aidbridge-server","timestamp":"2026-03-21T13:41:03.867Z"}
{"level":"info","message":"Pramanik server running on port 8000","service":"aidbridge-server","timestamp":"2026-03-21T13:41:03.869Z"}
{"level":"info","message":"Environment: development","service":"aidbridge-server","timestamp":"2026-03-21T13:41:03.870Z"}
{"level":"info","message":"WhatsApp webhook: POST /api/whatsapp/webhook","service":"aidbridge-server","timestamp":"2026-03-21T13:41:03.870Z"}
{"level":"info","message":"[DeliveryJob] Auto-complete job started","service":"aidbridge-server","timestamp":"2026-03-21T13:41:03.870Z"}
{"level":"info","message":"[CORS] Allowed Origins: https://soul-society-three.vercel.app","service":"aidbridge-server","timestamp":"2026-03-21T13:42:04.356Z"}
{"level":"info","message":"PostgreSQL connected via Prisma","service":"aidbridge-server","timestamp":"2026-03-21T13:42:04.421Z"}
{"level":"info","message":"PostgreSQL connected via Prisma","service":"aidbridge-server","timestamp":"2026-03-21T13:42:04.421Z"}
{"level":"info","message":"Redis client initialized (ioredis)","service":"aidbridge-server","timestamp":"2026-03-21T13:42:04.421Z"}
{"level":"info","message":"Database connection verified","service":"aidbridge-server","timestamp":"2026-03-21T13:42:05.974Z"}
{"level":"info","message":"Pramanik server running on port 8000","service":"aidbridge-server","timestamp":"2026-03-21T13:42:05.975Z"}
{"level":"info","message":"Environment: development","service":"aidbridge-server","timestamp":"2026-03-21T13:42:05.975Z"}
{"level":"info","message":"WhatsApp webhook: POST /api/whatsapp/webhook","service":"aidbridge-server","timestamp":"2026-03-21T13:42:05.975Z"}
{"level":"info","message":"[DeliveryJob] Auto-complete job started","service":"aidbridge-server","timestamp":"2026-03-21T13:42:05.976Z"}
{"duration":"7ms","ip":"::ffff:127.0.0.1","level":"warn","message":"Client error","method":"GET","service":"aidbridge-server","status":401,"timestamp":"2026-03-21T13:44:03.189Z","url":"/api/user/me"}
{"duration":"903ms","ip":"::ffff:127.0.0.1","level":"http","message":"GET /api/products?status=VERIFIED","method":"GET","service":"aidbridge-server","status":200,"timestamp":"2026-03-21T13:44:04.093Z","url":"/api/products?status=VERIFIED"}
{"duration":"1553ms","ip":"::ffff:127.0.0.1","level":"http","message":"GET /api/rates/usdc","method":"GET","service":"aidbridge-server","status":200,"timestamp":"2026-03-21T13:44:04.799Z","url":"/api/rates/usdc"}
{"duration":"1ms","ip":"::ffff:127.0.0.1","level":"http","message":"GET /api/rates/usdc","method":"GET","service":"aidbridge-server","status":304,"timestamp":"2026-03-21T13:44:04.807Z","url":"/api/rates/usdc"}
{"duration":"0ms","ip":"::ffff:127.0.0.1","level":"http","message":"GET /api/rates/usdc","method":"GET","service":"aidbridge-server","status":304,"timestamp":"2026-03-21T13:44:04.818Z","url":"/api/rates/usdc"}
{"duration":"1ms","ip":"::ffff:127.0.0.1","level":"http","message":"GET /api/rates/usdc","method":"GET","service":"aidbridge-server","status":304,"timestamp":"2026-03-21T13:45:03.221Z","url":"/api/rates/usdc"}
{"duration":"2ms","ip":"::ffff:127.0.0.1","level":"http","message":"GET /api/rates/usdc","method":"GET","service":"aidbridge-server","status":304,"timestamp":"2026-03-21T13:45:52.194Z","url":"/api/rates/usdc"}
{"duration":"1ms","ip":"::ffff:127.0.0.1","level":"http","message":"GET /api/rates/usdc","method":"GET","service":"aidbridge-server","status":304,"timestamp":"2026-03-21T13:45:52.205Z","url":"/api/rates/usdc"}
{"duration":"1ms","ip":"::ffff:127.0.0.1","level":"http","message":"GET /api/rates/usdc","method":"GET","service":"aidbridge-server","status":304,"timestamp":"2026-03-21T13:45:52.212Z","url":"/api/rates/usdc"}
{"duration":"1ms","ip":"::ffff:127.0.0.1","level":"http","message":"GET /api/rates/usdc","method":"GET","service":"aidbridge-server","status":304,"timestamp":"2026-03-21T13:45:52.216Z","url":"/api/rates/usdc"}
{"duration":"1ms","ip":"::ffff:127.0.0.1","level":"http","message":"GET /api/rates/usdc","method":"GET","service":"aidbridge-server","status":304,"timestamp":"2026-03-21T13:46:52.206Z","url":"/api/rates/usdc"}
{"duration":"1ms","ip":"::ffff:127.0.0.1","level":"http","message":"GET /api/rates/usdc","method":"GET","service":"aidbridge-server","status":304,"timestamp":"2026-03-21T13:47:52.359Z","url":"/api/rates/usdc"}
{"duration":"1ms","ip":"::ffff:127.0.0.1","level":"http","message":"GET /api/rates/usdc","method":"GET","service":"aidbridge-server","status":304,"timestamp":"2026-03-21T13:48:52.193Z","url":"/api/rates/usdc"}
{"duration":"1571ms","ip":"::ffff:127.0.0.1","level":"http","message":"GET /api/rates/usdc","method":"GET","service":"aidbridge-server","status":200,"timestamp":"2026-03-21T13:49:53.763Z","url":"/api/rates/usdc"}
{"duration":"1ms","ip":"::ffff:127.0.0.1","level":"http","message":"GET /api/rates/usdc","method":"GET","service":"aidbridge-server","status":304,"timestamp":"2026-03-21T13:50:52.198Z","url":"/api/rates/usdc"}
{"duration":"1ms","ip":"::ffff:127.0.0.1","level":"warn","message":"Client error","method":"GET","service":"aidbridge-server","status":401,"timestamp":"2026-03-21T13:50:54.435Z","url":"/api/notifications/unread-count"}
{"duration":"1ms","ip":"::ffff:127.0.0.1","level":"warn","message":"Client error","method":"GET","service":"aidbridge-server","status":401,"timestamp":"2026-03-21T13:50:54.439Z","url":"/api/notifications/unread-count"}
{"duration":"1ms","ip":"::ffff:127.0.0.1","level":"http","message":"GET /api/rates/usdc","method":"GET","service":"aidbridge-server","status":304,"timestamp":"2026-03-21T13:51:46.805Z","url":"/api/rates/usdc"}
{"duration":"0ms","ip":"::ffff:127.0.0.1","level":"warn","message":"Client error","method":"GET","service":"aidbridge-server","status":401,"timestamp":"2026-03-21T13:51:46.808Z","url":"/api/notifications/unread-count"}
{"duration":"0ms","ip":"::ffff:127.0.0.1","level":"http","message":"GET /api/rates/usdc","method":"GET","service":"aidbridge-server","status":304,"timestamp":"2026-03-21T13:51:48.349Z","url":"/api/rates/usdc"}
{"duration":"1ms","ip":"::ffff:127.0.0.1","level":"warn","message":"Client error","method":"GET","service":"aidbridge-server","status":401,"timestamp":"2026-03-21T13:51:48.350Z","url":"/api/notifications/unread-count"}
{"duration":"1ms","ip":"::ffff:127.0.0.1","level":"http","message":"GET /api/rates/usdc","method":"GET","service":"aidbridge-server","status":304,"timestamp":"2026-03-21T13:52:40.706Z","url":"/api/rates/usdc"}
{"duration":"1ms","ip":"::ffff:127.0.0.1","level":"warn","message":"Client error","method":"GET","service":"aidbridge-server","status":401,"timestamp":"2026-03-21T13:52:40.718Z","url":"/api/user/me"}
{"duration":"1ms","ip":"::ffff:127.0.0.1","level":"http","message":"GET /api/rates/usdc","method":"GET","service":"aidbridge-server","status":304,"timestamp":"2026-03-21T13:52:41.016Z","url":"/api/rates/usdc"}
{"duration":"1ms","ip":"::ffff:127.0.0.1","level":"warn","message":"Client error","method":"GET","service":"aidbridge-server","status":401,"timestamp":"2026-03-21T13:52:41.018Z","url":"/api/notifications/unread-count"}
{"duration":"0ms","ip":"::ffff:127.0.0.1","level":"warn","message":"Client error","method":"GET","service":"aidbridge-server","status":401,"timestamp":"2026-03-21T13:52:41.019Z","url":"/api/notifications/unread-count"}
{"duration":"0ms","ip":"::ffff:127.0.0.1","level":"http","message":"GET /api/rates/usdc","method":"GET","service":"aidbridge-server","status":304,"timestamp":"2026-03-21T13:52:41.022Z","url":"/api/rates/usdc"}
{"duration":"0ms","ip":"::ffff:127.0.0.1","level":"http","message":"GET /api/rates/usdc","method":"GET","service":"aidbridge-server","status":304,"timestamp":"2026-03-21T13:53:40.236Z","url":"/api/rates/usdc"}
{"duration":"0ms","ip":"::ffff:127.0.0.1","level":"http","message":"GET /api/rates/usdc","method":"GET","service":"aidbridge-server","status":304,"timestamp":"2026-03-21T13:54:41.216Z","url":"/api/rates/usdc"}
{"level":"info","message":"[CORS] Allowed Origins: https://soul-society-three.vercel.app","service":"aidbridge-server","timestamp":"2026-03-21T13:55:11.735Z"}
{"level":"info","message":"PostgreSQL connected via Prisma","service":"aidbridge-server","timestamp":"2026-03-21T13:55:11.804Z"}
{"level":"info","message":"PostgreSQL connected via Prisma","service":"aidbridge-server","timestamp":"2026-03-21T13:55:11.804Z"}
{"level":"info","message":"Redis client initialized (ioredis)","service":"aidbridge-server","timestamp":"2026-03-21T13:55:11.804Z"}
{"level":"info","message":"Database connection verified","service":"aidbridge-server","timestamp":"2026-03-21T13:55:18.026Z"}
{"level":"info","message":"Pramanik server running on port 8000","service":"aidbridge-server","timestamp":"2026-03-21T13:55:18.027Z"}
{"level":"info","message":"Environment: development","service":"aidbridge-server","timestamp":"2026-03-21T13:55:18.027Z"}
{"level":"info","message":"WhatsApp webhook: POST /api/whatsapp/webhook","service":"aidbridge-server","timestamp":"2026-03-21T13:55:18.027Z"}
{"level":"info","message":"[DeliveryJob] Auto-complete job started","service":"aidbridge-server","timestamp":"2026-03-21T13:55:18.028Z"}
{"level":"info","message":"[CORS] Allowed Origins: https://soul-society-three.vercel.app","service":"aidbridge-server","timestamp":"2026-03-21T13:55:34.006Z"}
{"level":"info","message":"PostgreSQL connected via Prisma","service":"aidbridge-server","timestamp":"2026-03-21T13:55:34.117Z"}
{"level":"info","message":"PostgreSQL connected via Prisma","service":"aidbridge-server","timestamp":"2026-03-21T13:55:34.117Z"}
{"level":"info","message":"Redis client initialized (ioredis)","service":"aidbridge-server","timestamp":"2026-03-21T13:55:34.117Z"}
{"level":"info","message":"Database connection verified","service":"aidbridge-server","timestamp":"2026-03-21T13:55:36.807Z"}
{"level":"info","message":"Pramanik server running on port 8000","service":"aidbridge-server","timestamp":"2026-03-21T13:55:36.808Z"}
{"level":"info","message":"Environment: development","service":"aidbridge-server","timestamp":"2026-03-21T13:55:36.809Z"}
{"level":"info","message":"WhatsApp webhook: POST /api/whatsapp/webhook","service":"aidbridge-server","timestamp":"2026-03-21T13:55:36.809Z"}
{"level":"info","message":"[DeliveryJob] Auto-complete job started","service":"aidbridge-server","timestamp":"2026-03-21T13:55:36.809Z"}
{"duration":"2788ms","ip":"::ffff:127.0.0.1","level":"http","message":"GET /api/rates/usdc","method":"GET","service":"aidbridge-server","status":200,"timestamp":"2026-03-21T13:55:44.041Z","url":"/api/rates/usdc"}
{"level":"info","message":"[CORS] Allowed Origins: https://soul-society-three.vercel.app","service":"aidbridge-server","timestamp":"2026-03-21T13:55:58.429Z"}
{"level":"info","message":"PostgreSQL connected via Prisma","service":"aidbridge-server","timestamp":"2026-03-21T13:55:58.494Z"}
{"level":"info","message":"PostgreSQL connected via Prisma","service":"aidbridge-server","timestamp":"2026-03-21T13:55:58.494Z"}
{"level":"info","message":"Redis client initialized (ioredis)","service":"aidbridge-server","timestamp":"2026-03-21T13:55:58.494Z"}
{"level":"info","message":"Database connection verified","service":"aidbridge-server","timestamp":"2026-03-21T13:55:59.910Z"}
{"level":"info","message":"Pramanik server running on port 8000","service":"aidbridge-server","timestamp":"2026-03-21T13:55:59.912Z"}
{"level":"info","message":"Environment: development","service":"aidbridge-server","timestamp":"2026-03-21T13:55:59.913Z"}
{"level":"info","message":"WhatsApp webhook: POST /api/whatsapp/webhook","service":"aidbridge-server","timestamp":"2026-03-21T13:55:59.913Z"}
{"level":"info","message":"[DeliveryJob] Auto-complete job started","service":"aidbridge-server","timestamp":"2026-03-21T13:55:59.913Z"}
{"duration":"1904ms","ip":"::ffff:127.0.0.1","level":"http","message":"GET /api/rates/usdc","method":"GET","service":"aidbridge-server","status":304,"timestamp":"2026-03-21T13:56:43.810Z","url":"/api/rates/usdc"}
{"duration":"1ms","ip":"::ffff:127.0.0.1","level":"http","message":"GET /api/rates/usdc","method":"GET","service":"aidbridge-server","status":304,"timestamp":"2026-03-21T13:57:42.321Z","url":"/api/rates/usdc"}
{"duration":"1ms","ip":"::ffff:127.0.0.1","level":"http","message":"GET /api/rates/usdc","method":"GET","service":"aidbridge-server","status":304,"timestamp":"2026-03-21T13:58:42.359Z","url":"/api/rates/usdc"}
{"duration":"1ms","ip":"::ffff:127.0.0.1","level":"http","message":"GET /api/rates/usdc","method":"GET","service":"aidbridge-server","status":304,"timestamp":"2026-03-21T13:59:42.415Z","url":"/api/rates/usdc"}
{"level":"info","message":"[CORS] Allowed Origins: https://soul-society-three.vercel.app","service":"aidbridge-server","timestamp":"2026-03-21T14:00:02.882Z"}
{"level":"info","message":"PostgreSQL connected via Prisma","service":"aidbridge-server","timestamp":"2026-03-21T14:00:03.001Z"}
{"level":"info","message":"PostgreSQL connected via Prisma","service":"aidbridge-server","timestamp":"2026-03-21T14:00:03.001Z"}
{"level":"info","message":"Redis client initialized (ioredis)","service":"aidbridge-server","timestamp":"2026-03-21T14:00:03.002Z"}
{"level":"info","message":"Database connection verified","service":"aidbridge-server","timestamp":"2026-03-21T14:00:05.218Z"}
{"level":"info","message":"Pramanik server running on port 8000","service":"aidbridge-server","timestamp":"2026-03-21T14:00:05.220Z"}
{"level":"info","message":"Environment: development","service":"aidbridge-server","timestamp":"2026-03-21T14:00:05.220Z"}
{"level":"info","message":"WhatsApp webhook: POST /api/whatsapp/webhook","service":"aidbridge-server","timestamp":"2026-03-21T14:00:05.220Z"}
{"level":"info","message":"[DeliveryJob] Auto-complete job started","service":"aidbridge-server","timestamp":"2026-03-21T14:00:05.220Z"}
{"duration":"1148ms","ip":"::ffff:127.0.0.1","level":"http","message":"GET /api/rates/usdc","method":"GET","service":"aidbridge-server","status":200,"timestamp":"2026-03-21T14:00:43.576Z","url":"/api/rates/usdc"}
{"level":"info","message":"[CORS] Allowed Origins: https://soul-society-three.vercel.app","service":"aidbridge-server","timestamp":"2026-03-21T14:01:29.846Z"}
{"level":"info","message":"PostgreSQL connected via Prisma","service":"aidbridge-server","timestamp":"2026-03-21T14:01:29.968Z"}
{"level":"info","message":"PostgreSQL connected via Prisma","service":"aidbridge-server","timestamp":"2026-03-21T14:01:29.969Z"}
{"level":"info","message":"Redis client initialized (ioredis)","service":"aidbridge-server","timestamp":"2026-03-21T14:01:29.969Z"}
{"level":"info","message":"Database connection verified","service":"aidbridge-server","timestamp":"2026-03-21T14:01:31.951Z"}
{"level":"info","message":"Pramanik server running on port 8000","service":"aidbridge-server","timestamp":"2026-03-21T14:01:31.952Z"}
{"level":"info","message":"Environment: development","service":"aidbridge-server","timestamp":"2026-03-21T14:01:31.952Z"}
{"level":"info","message":"WhatsApp webhook: POST /api/whatsapp/webhook","service":"aidbridge-server","timestamp":"2026-03-21T14:01:31.952Z"}
{"level":"info","message":"[DeliveryJob] Auto-complete job started","service":"aidbridge-server","timestamp":"2026-03-21T14:01:31.952Z"}
{"duration":"1091ms","ip":"::ffff:127.0.0.1","level":"http","message":"GET /api/rates/usdc","method":"GET","service":"aidbridge-server","status":200,"timestamp":"2026-03-21T14:01:44.593Z","url":"/api/rates/usdc"}
{"level":"info","message":"[CORS] Allowed Origins: https://soul-society-three.vercel.app","service":"aidbridge-server","timestamp":"2026-03-21T14:02:28.734Z"}
{"duration":"7ms","ip":"::ffff:127.0.0.1","level":"http","message":"GET /","method":"GET","service":"aidbridge-server","status":200,"timestamp":"2026-03-21T14:02:28.774Z","url":"/"}
{"duration":"1ms","ip":"::ffff:127.0.0.1","level":"http","message":"GET /health","method":"GET","service":"aidbridge-server","status":200,"timestamp":"2026-03-21T14:02:28.787Z","url":"/health"}
{"duration":"1ms","ip":"::ffff:127.0.0.1","level":"warn","message":"Client error","method":"GET","service":"aidbridge-server","status":404,"timestamp":"2026-03-21T14:02:28.796Z","url":"/does-not-exist"}
{"duration":"11ms","ip":"::ffff:127.0.0.1","level":"http","message":"GET /api/test/delay?ms=10","method":"GET","service":"aidbridge-server","status":200,"timestamp":"2026-03-21T14:02:28.816Z","url":"/api/test/delay?ms=10"}
{"duration":"1ms","ip":"::ffff:127.0.0.1","level":"http","message":"GET /api/rates/usdc","method":"GET","service":"aidbridge-server","status":304,"timestamp":"2026-03-21T14:02:43.792Z","url":"/api/rates/usdc"}
{"level":"info","message":"[CORS] Allowed Origins: https://soul-society-three.vercel.app","service":"aidbridge-server","timestamp":"2026-03-21T14:03:00.552Z"}
{"level":"info","message":"PostgreSQL connected via Prisma","service":"aidbridge-server","timestamp":"2026-03-21T14:03:00.624Z"}
{"level":"info","message":"PostgreSQL connected via Prisma","service":"aidbridge-server","timestamp":"2026-03-21T14:03:00.624Z"}
{"level":"info","message":"Redis client initialized (ioredis)","service":"aidbridge-server","timestamp":"2026-03-21T14:03:00.624Z"}
{"level":"info","message":"Database connection verified","service":"aidbridge-server","timestamp":"2026-03-21T14:03:01.517Z"}
{"level":"info","message":"Pramanik server running on port 8000","service":"aidbridge-server","timestamp":"2026-03-21T14:03:01.518Z"}
{"level":"info","message":"Environment: development","service":"aidbridge-server","timestamp":"2026-03-21T14:03:01.518Z"}
{"level":"info","message":"WhatsApp webhook: POST /api/whatsapp/webhook","service":"aidbridge-server","timestamp":"2026-03-21T14:03:01.518Z"}
{"level":"info","message":"[DeliveryJob] Auto-complete job started","service":"aidbridge-server","timestamp":"2026-03-21T14:03:01.518Z"}
{"duration":"1112ms","ip":"::ffff:127.0.0.1","level":"http","message":"GET /api/rates/usdc","method":"GET","service":"aidbridge-server","status":200,"timestamp":"2026-03-21T14:03:45.294Z","url":"/api/rates/usdc"}
{"duration":"1ms","ip":"::ffff:127.0.0.1","level":"http","message":"GET /api/rates/usdc","method":"GET","service":"aidbridge-server","status":304,"timestamp":"2026-03-21T14:04:44.727Z","url":"/api/rates/usdc"}
{"level":"info","message":"[CORS] Allowed Origins: https://soul-society-three.vercel.app","service":"aidbridge-server","timestamp":"2026-03-21T14:05:15.621Z"}
{"level":"info","message":"PostgreSQL connected via Prisma","service":"aidbridge-server","timestamp":"2026-03-21T14:05:15.687Z"}
{"level":"info","message":"PostgreSQL connected via Prisma","service":"aidbridge-server","timestamp":"2026-03-21T14:05:15.687Z"}
{"level":"info","message":"Redis client initialized (ioredis)","service":"aidbridge-server","timestamp":"2026-03-21T14:05:15.687Z"}
{"level":"info","message":"Database connection verified","service":"aidbridge-server","timestamp":"2026-03-21T14:05:16.517Z"}
{"level":"info","message":"Pramanik server running on port 8000","service":"aidbridge-server","timestamp":"2026-03-21T14:05:16.518Z"}
{"level":"info","message":"Environment: development","service":"aidbridge-server","timestamp":"2026-03-21T14:05:16.518Z"}
{"level":"info","message":"WhatsApp webhook: POST /api/whatsapp/webhook","service":"aidbridge-server","timestamp":"2026-03-21T14:05:16.518Z"}
{"level":"info","message":"[DeliveryJob] Auto-complete job started","service":"aidbridge-server","timestamp":"2026-03-21T14:05:16.518Z"}
{"duration":"1ms","ip":"::ffff:127.0.0.1","level":"http","message":"GET /api/rates/usdc","method":"GET","service":"aidbridge-server","status":304,"timestamp":"2026-03-21T14:05:44.803Z","url":"/api/rates/usdc"}
{"level":"info","message":"[CORS] Allowed Origins: https://soul-society-three.vercel.app","service":"aidbridge-server","timestamp":"2026-03-21T14:06:08.454Z"}
{"level":"info","message":"PostgreSQL connected via Prisma","service":"aidbridge-server","timestamp":"2026-03-21T14:06:08.551Z"}
{"level":"info","message":"PostgreSQL connected via Prisma","service":"aidbridge-server","timestamp":"2026-03-21T14:06:08.551Z"}
{"level":"info","message":"Redis client initialized (ioredis)","service":"aidbridge-server","timestamp":"2026-03-21T14:06:08.551Z"}
{"level":"info","message":"Database connection verified","service":"aidbridge-server","timestamp":"2026-03-21T14:06:10.770Z"}
{"level":"info","message":"Pramanik server running on port 8000","service":"aidbridge-server","timestamp":"2026-03-21T14:06:10.773Z"}
{"level":"info","message":"Environment: development","service":"aidbridge-server","timestamp":"2026-03-21T14:06:10.773Z"}
{"level":"info","message":"WhatsApp webhook: POST /api/whatsapp/webhook","service":"aidbridge-server","timestamp":"2026-03-21T14:06:10.773Z"}
{"level":"info","message":"[DeliveryJob] Auto-complete job started","service":"aidbridge-server","timestamp":"2026-03-21T14:06:10.773Z"}
{"duration":"3ms","ip":"::ffff:127.0.0.1","level":"http","message":"GET /api/rates/usdc","method":"GET","service":"aidbridge-server","status":304,"timestamp":"2026-03-21T14:06:45.671Z","url":"/api/rates/usdc"}
{"duration":"3ms","ip":"::ffff:127.0.0.1","level":"http","message":"GET /api/rates/usdc","method":"GET","service":"aidbridge-server","status":304,"timestamp":"2026-03-21T14:07:45.819Z","url":"/api/rates/usdc"}
{"duration":"749ms","ip":"::ffff:127.0.0.1","level":"http","message":"GET /api/rates/usdc","method":"GET","service":"aidbridge-server","status":200,"timestamp":"2026-03-21T14:08:46.647Z","url":"/api/rates/usdc"}
{"duration":"1ms","ip":"::ffff:127.0.0.1","level":"http","message":"GET /api/rates/usdc","method":"GET","service":"aidbridge-server","status":304,"timestamp":"2026-03-21T14:09:46.003Z","url":"/api/rates/usdc"}
{"duration":"1ms","ip":"::ffff:127.0.0.1","level":"http","message":"GET /api/rates/usdc","method":"GET","service":"aidbridge-server","status":304,"timestamp":"2026-03-21T14:10:46.024Z","url":"/api/rates/usdc"}
{"duration":"1ms","ip":"::1","level":"http","message":"GET /health","method":"GET","service":"aidbridge-server","status":200,"timestamp":"2026-03-21T14:10:51.416Z","url":"/health"}
{"level":"info","message":"[CORS] Allowed Origins: https://soul-society-three.vercel.app","service":"aidbridge-server","timestamp":"2026-03-21T14:11:23.065Z"}
{"level":"info","message":"PostgreSQL connected via Prisma","service":"aidbridge-server","timestamp":"2026-03-21T14:11:23.143Z"}
{"level":"info","message":"PostgreSQL connected via Prisma","service":"aidbridge-server","timestamp":"2026-03-21T14:11:23.144Z"}
{"level":"info","message":"Redis client initialized (ioredis)","service":"aidbridge-server","timestamp":"2026-03-21T14:11:23.144Z"}
{"level":"info","message":"[CORS] Allowed Origins: https://soul-society-three.vercel.app","service":"aidbridge-server","timestamp":"2026-03-21T14:11:23.066Z"}
{"level":"info","message":"PostgreSQL connected via Prisma","service":"aidbridge-server","timestamp":"2026-03-21T14:11:23.146Z"}
{"level":"info","message":"PostgreSQL connected via Prisma","service":"aidbridge-server","timestamp":"2026-03-21T14:11:23.147Z"}
{"level":"info","message":"Redis client initialized (ioredis)","service":"aidbridge-server","timestamp":"2026-03-21T14:11:23.147Z"}
{"level":"info","message":"Database connection verified","service":"aidbridge-server","timestamp":"2026-03-21T14:11:26.692Z"}
{"level":"info","message":"Database connection verified","service":"aidbridge-server","timestamp":"2026-03-21T14:11:26.692Z"}
{"level":"info","message":"Pramanik server running on port 8000","service":"aidbridge-server","timestamp":"2026-03-21T14:11:26.694Z"}
{"level":"info","message":"Environment: development","service":"aidbridge-server","timestamp":"2026-03-21T14:11:26.694Z"}
{"level":"info","message":"WhatsApp webhook: POST /api/whatsapp/webhook","service":"aidbridge-server","timestamp":"2026-03-21T14:11:26.694Z"}
{"level":"info","message":"[DeliveryJob] Auto-complete job started","service":"aidbridge-server","timestamp":"2026-03-21T14:11:26.694Z"}
{"level":"info","message":"Pramanik server running on port 8000","service":"aidbridge-server","timestamp":"2026-03-21T14:11:26.694Z"}
{"level":"info","message":"Environment: development","service":"aidbridge-server","timestamp":"2026-03-21T14:11:26.694Z"}
{"level":"info","message":"WhatsApp webhook: POST /api/whatsapp/webhook","service":"aidbridge-server","timestamp":"2026-03-21T14:11:26.694Z"}
{"level":"info","message":"[DeliveryJob] Auto-complete job started","service":"aidbridge-server","timestamp":"2026-03-21T14:11:26.694Z"}
{"duration":"528ms","ip":"::ffff:127.0.0.1","level":"http","message":"GET /api/rates/usdc","method":"GET","service":"aidbridge-server","status":200,"timestamp":"2026-03-21T14:11:47.242Z","url":"/api/rates/usdc"}
{"duration":"1ms","ip":"::ffff:127.0.0.1","level":"http","message":"GET /api/rates/usdc","method":"GET","service":"aidbridge-server","status":304,"timestamp":"2026-03-21T14:12:46.814Z","url":"/api/rates/usdc"}
{"level":"info","message":"[CORS] Allowed Origins: https://soul-society-three.vercel.app, http://localhost:3000, http://localhost:3001","service":"aidbridge-server","timestamp":"2026-03-21T14:13:21.899Z"}
{"level":"info","message":"PostgreSQL connected via Prisma","service":"aidbridge-server","timestamp":"2026-03-21T14:13:22.010Z"}
{"level":"info","message":"PostgreSQL connected via Prisma","service":"aidbridge-server","timestamp":"2026-03-21T14:13:22.011Z"}
{"level":"info","message":"Redis client initialized (ioredis)","service":"aidbridge-server","timestamp":"2026-03-21T14:13:22.011Z"}
{"level":"info","message":"Database connection verified","service":"aidbridge-server","timestamp":"2026-03-21T14:13:23.368Z"}
{"level":"info","message":"Pramanik server running on port 8000","service":"aidbridge-server","timestamp":"2026-03-21T14:13:23.370Z"}
{"level":"info","message":"Environment: development","service":"aidbridge-server","timestamp":"2026-03-21T14:13:23.371Z"}
{"level":"info","message":"WhatsApp webhook: POST /api/whatsapp/webhook","service":"aidbridge-server","timestamp":"2026-03-21T14:13:23.371Z"}
{"level":"info","message":"[DeliveryJob] Auto-complete job started","service":"aidbridge-server","timestamp":"2026-03-21T14:13:23.371Z"}
{"duration":"4735ms","ip":"::ffff:127.0.0.1","level":"http","message":"GET /api/rates/usdc","method":"GET","service":"aidbridge-server","status":200,"timestamp":"2026-03-21T14:13:51.618Z","url":"/api/rates/usdc"}
