src/__tests__/contracts.routes.test.ts(26,58): error TS2345: Argument of type '{}' is not assignable to parameter of type 'never'.
src/__tests__/contracts.routes.test.ts(27,58): error TS2345: Argument of type '{ passphrase: string; }' is not assignable to parameter of type 'never'.
src/__tests__/contracts.routes.test.ts(28,66): error TS2345: Argument of type '{ toXDR: () => string; }' is not assignable to parameter of type 'never'.
src/__tests__/contracts.routes.test.ts(29,63): error TS2345: Argument of type '{ status: string; hash: string; }' is not assignable to parameter of type 'never'.
src/__tests__/contracts.routes.test.ts(30,62): error TS2345: Argument of type '{ status: string; }' is not assignable to parameter of type 'never'.
src/controler/communique.controler.ts(36,14): error TS2322: Type 'string | string[] | undefined' is not assignable to type 'string | StringNullableFilter<"Notification"> | null | undefined'.
  Type 'string[]' is not assignable to type 'string | StringNullableFilter<"Notification"> | null | undefined'.
src/controler/contracts/escrow.controller.ts(91,48): error TS2345: Argument of type 'string | string[]' is not assignable to parameter of type 'string'.
  Type 'string[]' is not assignable to type 'string'.
src/controler/contracts/escrow.controller.ts(102,53): error TS2345: Argument of type 'string | string[]' is not assignable to parameter of type 'string'.
  Type 'string[]' is not assignable to type 'string'.
src/controler/contracts/escrow.controller.ts(113,55): error TS2345: Argument of type 'string | string[]' is not assignable to parameter of type 'string'.
  Type 'string[]' is not assignable to type 'string'.
src/controler/contracts/escrow.controller.ts(124,46): error TS2345: Argument of type 'string | string[]' is not assignable to parameter of type 'string'.
  Type 'string[]' is not assignable to type 'string'.
src/controler/contracts/escrow.controller.ts(135,51): error TS2345: Argument of type 'string | string[]' is not assignable to parameter of type 'string'.
  Type 'string[]' is not assignable to type 'string'.
src/controler/contracts/notifications.controller.ts(10,55): error TS2345: Argument of type 'string | string[]' is not assignable to parameter of type 'string | number'.
  Type 'string[]' is not assignable to type 'string | number'.
src/controler/contracts/notifications.controller.ts(18,59): error TS2345: Argument of type 'string | string[]' is not assignable to parameter of type 'string'.
  Type 'string[]' is not assignable to type 'string'.
src/controler/contracts/product-registry.controller.ts(31,47): error TS2339: Property 'registerMission' does not exist on type 'ProductRegistryService'.
src/controler/contracts/product-registry.controller.ts(45,47): error TS2339: Property 'sealProof' does not exist on type 'ProductRegistryService'.
src/controler/contracts/product-registry.controller.ts(52,47): error TS2339: Property 'failMission' does not exist on type 'ProductRegistryService'.
src/controler/contracts/product-registry.controller.ts(59,48): error TS2339: Property 'getMission' does not exist on type 'ProductRegistryService'.
src/controler/contracts/product-registry.controller.ts(66,55): error TS2345: Argument of type 'string | string[]' is not assignable to parameter of type 'string'.
  Type 'string[]' is not assignable to type 'string'.
src/controler/contracts/product-registry.controller.ts(78,49): error TS2339: Property 'getMissionsByCaptain' does not exist on type 'ProductRegistryService'.
src/controler/contracts/product-registry.controller.ts(85,65): error TS2345: Argument of type 'string | string[]' is not assignable to parameter of type 'string'.
  Type 'string[]' is not assignable to type 'string'.
src/controler/contracts/seller-badge.controller.ts(31,53): error TS2345: Argument of type 'string | string[]' is not assignable to parameter of type 'string'.
  Type 'string[]' is not assignable to type 'string'.
src/controler/contracts/seller-badge.controller.ts(38,57): error TS2345: Argument of type 'string | string[]' is not assignable to parameter of type 'string'.
  Type 'string[]' is not assignable to type 'string'.
src/controler/contracts/seller-badge.controller.ts(45,53): error TS2345: Argument of type 'string | string[]' is not assignable to parameter of type 'string'.
  Type 'string[]' is not assignable to type 'string'.
src/controler/contracts/seller-badge.controller.ts(56,47): error TS2339: Property 'getTopReapers' does not exist on type 'SellerBadgeService'.
src/controler/contracts/supplier-registry.controller.ts(5,10): error TS2724: '"../../services/stellar/supplier-registry.service.js"' has no exported member named 'supplierRegistryRegistryService'. Did you mean 'supplierRegistryService'?
src/controler/contracts/supplier-registry.controller.ts(66,80): error TS2345: Argument of type 'string | string[]' is not assignable to parameter of type 'string'.
  Type 'string[]' is not assignable to type 'string'.
src/controler/contracts/treasury.controller.ts(52,52): error TS2345: Argument of type 'string | string[]' is not assignable to parameter of type 'string'.
  Type 'string[]' is not assignable to type 'string'.
src/controler/contracts/treasury.controller.ts(59,52): error TS2345: Argument of type 'string | string[]' is not assignable to parameter of type 'string'.
  Type 'string[]' is not assignable to type 'string'.
src/controler/contracts/treasury.controller.ts(66,61): error TS2345: Argument of type 'string | string[]' is not assignable to parameter of type 'string'.
  Type 'string[]' is not assignable to type 'string'.
src/controler/contracts/treasury.controller.ts(73,50): error TS2345: Argument of type 'string | string[]' is not assignable to parameter of type 'string'.
  Type 'string[]' is not assignable to type 'string'.
src/controler/contracts/trust-token.controller.ts(101,47): error TS2345: Argument of type 'string | string[]' is not assignable to parameter of type 'string'.
  Type 'string[]' is not assignable to type 'string'.
src/controler/contracts/trust-token.controller.ts(108,55): error TS2345: Argument of type 'string | string[]' is not assignable to parameter of type 'string'.
  Type 'string[]' is not assignable to type 'string'.
src/controler/contracts/trust-token.controller.ts(120,55): error TS2345: Argument of type 'string | string[]' is not assignable to parameter of type 'string'.
  Type 'string[]' is not assignable to type 'string'.
src/controler/contracts/trust-token.controller.ts(127,58): error TS2345: Argument of type 'string | string[]' is not assignable to parameter of type 'string'.
  Type 'string[]' is not assignable to type 'string'.
src/controler/contracts/trust-token.controller.ts(134,53): error TS2345: Argument of type 'string | string[]' is not assignable to parameter of type 'string'.
  Type 'string[]' is not assignable to type 'string'.
src/controler/contracts/vault.controller.ts(5,30): error TS2307: Cannot find module '../../services/stellar/productVault.service.js' or its corresponding type declarations.
src/controler/expense.controler.ts(22,36): error TS2345: Argument of type 'string | string[]' is not assignable to parameter of type 'string'.
  Type 'string[]' is not assignable to type 'string'.
src/controler/expense.controler.ts(32,56): error TS2554: Expected 1 arguments, but got 3.
src/controler/order.controller.ts(15,14): error TS2322: Type 'string | string[]' is not assignable to type 'string | StringFilter<"Order"> | undefined'.
  Type 'string[]' is not assignable to type 'string | StringFilter<"Order"> | undefined'.
src/controler/order.controller.ts(31,25): error TS2322: Type 'string | string[]' is not assignable to type 'string | StringFilter<"Product"> | undefined'.
  Type 'string[]' is not assignable to type 'string | StringFilter<"Product"> | undefined'.
src/controler/order.controller.ts(45,14): error TS2322: Type 'string | string[] | undefined' is not assignable to type 'string | undefined'.
  Type 'string[]' is not assignable to type 'string'.
src/controler/payment.controler.ts(19,38): error TS2345: Argument of type 'string | string[]' is not assignable to parameter of type 'string'.
  Type 'string[]' is not assignable to type 'string'.
src/controler/payment.controler.ts(70,20): error TS2322: Type 'string | string[] | undefined' is not assignable to type 'string | StringNullableFilter<"User"> | null | undefined'.
  Type 'string[]' is not assignable to type 'string | StringNullableFilter<"User"> | null | undefined'.
src/controler/payment.controler.ts(71,34): error TS2322: Type 'string | string[] | undefined' is not assignable to type 'string | StringNullableFilter<"Supplier"> | null | undefined'.
  Type 'string[]' is not assignable to type 'string | StringNullableFilter<"Supplier"> | null | undefined'.
src/controler/post.controler.ts(31,39): error TS7030: Not all code paths return a value.
src/controler/post.controler.ts(32,34): error TS2345: Argument of type 'string | string[] | undefined' is not assignable to parameter of type 'string'.
  Type 'undefined' is not assignable to type 'string'.
src/controler/stellar.controler.ts(57,36): error TS2345: Argument of type 'string | string[]' is not assignable to parameter of type 'string'.
  Type 'string[]' is not assignable to type 'string'.
src/controler/stellar.controler.ts(79,47): error TS2345: Argument of type 'string | string[]' is not assignable to parameter of type 'string'.
  Type 'string[]' is not assignable to type 'string'.
src/controler/stellar.controler.ts(130,38): error TS2345: Argument of type 'string | string[]' is not assignable to parameter of type 'string'.
  Type 'string[]' is not assignable to type 'string'.
src/controler/stellar.controler.ts(137,52): error TS2345: Argument of type 'string | string[]' is not assignable to parameter of type 'string'.
  Type 'string[]' is not assignable to type 'string'.
src/controler/stellar.controler.ts(148,53): error TS2345: Argument of type 'string | string[]' is not assignable to parameter of type 'string'.
  Type 'string[]' is not assignable to type 'string'.
src/controler/userManagement.controler.ts(18,14): error TS2322: Type 'string | string[] | undefined' is not assignable to type 'string | undefined'.
  Type 'string[]' is not assignable to type 'string'.
src/controler/userManagement.controler.ts(28,14): error TS2322: Type 'string | string[] | undefined' is not assignable to type 'string | undefined'.
  Type 'string[]' is not assignable to type 'string'.
src/controler/userProfile.controler.ts(52,14): error TS2322: Type 'string | string[] | undefined' is not assignable to type 'string | StringNullableFilter<"User"> | null | undefined'.
  Type 'string[]' is not assignable to type 'string | StringNullableFilter<"User"> | null | undefined'.
src/dbQueries/order.Queries.ts(4,14): error TS2451: Cannot redeclare block-scoped variable 'createOrder'.
src/dbQueries/order.Queries.ts(56,14): error TS2451: Cannot redeclare block-scoped variable 'createOrder'.
src/dbQueries/order.Queries.ts(56,14): error TS7022: 'createOrder' implicitly has type 'any' because it does not have a type annotation and is referenced directly or indirectly in its own initializer.
src/dbQueries/order.Queries.ts(56,28): error TS2448: Block-scoped variable 'createOrder' used before its declaration.
src/lib/redis.ts(1,19): error TS2307: Cannot find module 'ioredis' or its corresponding type declarations.
src/lib/redis.ts(12,19): error TS7006: Parameter 'times' implicitly has an 'any' type.
src/lib/redis.ts(19,22): error TS7006: Parameter 'err' implicitly has an 'any' type.
src/midelware/verify.midelware.ts(16,28): error TS7030: Not all code paths return a value.
src/routes/v2/orders.routes.ts(12,42): error TS7030: Not all code paths return a value.
src/routes/v2/orders.routes.ts(54,44): error TS7030: Not all code paths return a value.
src/routes/v2/products.routes.ts(15,30): error TS7030: Not all code paths return a value.
src/routes/v2/products.routes.ts(57,33): error TS7030: Not all code paths return a value.
src/routes/v2/products.routes.ts(65,14): error TS2322: Type 'string | string[] | undefined' is not assignable to type 'string | undefined'.
  Type 'string[]' is not assignable to type 'string'.
src/routes/v2/products.routes.ts(82,42): error TS7030: Not all code paths return a value.
src/routes/v2/products.routes.ts(118,36): error TS7030: Not all code paths return a value.
src/routes/v2/products.routes.ts(119,62): error TS2322: Type 'string | string[] | undefined' is not assignable to type 'string | undefined'.
  Type 'string[]' is not assignable to type 'string'.
src/routes/v2/products.routes.ts(159,50): error TS7030: Not all code paths return a value.
src/routes/v2/suppliers.routes.ts(9,33): error TS7030: Not all code paths return a value.
src/routes/v2/suppliers.routes.ts(11,14): error TS2322: Type 'string | string[] | undefined' is not assignable to type 'string | undefined'.
  Type 'string[]' is not assignable to type 'string'.
src/routes/v2/suppliers.routes.ts(28,14): error TS2322: Type 'string | string[] | undefined' is not assignable to type 'string | StringFilter<"Product"> | undefined'.
  Type 'string[]' is not assignable to type 'string | StringFilter<"Product"> | undefined'.
src/scripts/verify-vault-advanced.ts(1,30): error TS2307: Cannot find module '../services/stellar/productVault.service.js' or its corresponding type declarations.
